This file contains any messages produced by compilers while
running configure, to aid debugging if configure makes a mistake.

It was created by Google C++ Mocking Framework configure 1.6.0, which was
generated by GNU Autoconf 2.65.  Invocation command line was

  $ ./configure 

## --------- ##
## Platform. ##
## --------- ##

hostname = congo
uname -m = x86_64
uname -r = 2.6.26-1-amd64
uname -s = Linux
uname -v = #1 SMP Fri Mar 13 17:46:45 UTC 2009

/usr/bin/uname -p = unknown
/bin/uname -X     = unknown

/bin/arch              = unknown
/usr/bin/arch -k       = unknown
/usr/convex/getsysinfo = unknown
/usr/bin/hostinfo      = unknown
/bin/machine           = unknown
/usr/bin/oslevel       = unknown
/bin/universe          = unknown

PATH: /usr/local/bin
PATH: /usr/bin
PATH: /bin
PATH: /usr/games
PATH: /home/gpetrovic/unix-home/common/bin/


## ----------- ##
## Core tests. ##
## ----------- ##

configure:2447: checking for a BSD-compatible install
configure:2515: result: /usr/bin/install -c
configure:2526: checking whether build environment is sane
configure:2576: result: yes
configure:2717: checking for a thread-safe mkdir -p
configure:2756: result: /bin/mkdir -p
configure:2769: checking for gawk
configure:2785: found /usr/bin/gawk
configure:2796: result: gawk
configure:2807: checking whether make sets $(MAKE)
configure:2829: result: yes
configure:2959: checking for gcc
configure:2975: found /usr/bin/gcc
configure:2986: result: gcc
configure:3215: checking for C compiler version
configure:3224: gcc --version >&5
gcc (Debian 4.3.4-6~bpo50+1) 4.3.4
Copyright (C) 2008 Free Software Foundation, Inc.
This is free software; see the source for copying conditions.  There is NO
warranty; not even for MERCHANTABILITY or FITNESS FOR A PARTICULAR PURPOSE.

configure:3235: $? = 0
configure:3224: gcc -v >&5
Using built-in specs.
Target: x86_64-linux-gnu
Configured with: ../src/configure -v --with-pkgversion='Debian 4.3.4-6~bpo50+1' --with-bugurl=file:///usr/share/doc/gcc-4.3/README.Bugs --enable-languages=c,c++,fortran,objc,obj-c++ --prefix=/usr --enable-shared --enable-multiarch --enable-linker-build-id --with-system-zlib --libexecdir=/usr/lib --without-included-gettext --enable-threads=posix --enable-nls --with-gxx-include-dir=/usr/include/c++/4.3 --program-suffix=-4.3 --enable-clocale=gnu --enable-libstdcxx-debug --enable-objc-gc --enable-mpfr --with-tune=generic --enable-checking=release --build=x86_64-linux-gnu --host=x86_64-linux-gnu --target=x86_64-linux-gnu
Thread model: posix
gcc version 4.3.4 (Debian 4.3.4-6~bpo50+1) 
configure:3235: $? = 0
configure:3224: gcc -V >&5
gcc: '-V' option must have argument
configure:3235: $? = 1
configure:3224: gcc -qversion >&5
gcc: unrecognized option '-qversion'
gcc: no input files
configure:3235: $? = 1
configure:3255: checking whether the C compiler works
configure:3277: gcc    conftest.c  >&5
configure:3281: $? = 0
configure:3330: result: yes
configure:3333: checking for C compiler default output file name
configure:3335: result: a.out
configure:3341: checking for suffix of executables
configure:3348: gcc -o conftest    conftest.c  >&5
configure:3352: $? = 0
configure:3374: result: 
configure:3396: checking whether we are cross compiling
configure:3404: gcc -o conftest    conftest.c  >&5
configure:3408: $? = 0
configure:3415: ./conftest
configure:3419: $? = 0
configure:3434: result: no
configure:3439: checking for suffix of object files
configure:3461: gcc -c   conftest.c >&5
configure:3465: $? = 0
configure:3486: result: o
configure:3490: checking whether we are using the GNU C compiler
configure:3509: gcc -c   conftest.c >&5
configure:3509: $? = 0
configure:3518: result: yes
configure:3527: checking whether gcc accepts -g
configure:3547: gcc -c -g  conftest.c >&5
configure:3547: $? = 0
configure:3588: result: yes
configure:3605: checking for gcc option to accept ISO C89
configure:3669: gcc  -c -g -O2  conftest.c >&5
configure:3669: $? = 0
configure:3682: result: none needed
configure:3713: checking for style of include used by make
configure:3741: result: GNU
configure:3766: checking dependency style of gcc
configure:3876: result: gcc3
configure:3949: checking for g++
configure:3965: found /usr/bin/g++
configure:3976: result: g++
configure:4003: checking for C++ compiler version
configure:4012: g++ --version >&5
g++ (Debian 4.3.4-6~bpo50+1) 4.3.4
Copyright (C) 2008 Free Software Foundation, Inc.
This is free software; see the source for copying conditions.  There is NO
warranty; not even for MERCHANTABILITY or FITNESS FOR A PARTICULAR PURPOSE.

configure:4023: $? = 0
configure:4012: g++ -v >&5
Using built-in specs.
Target: x86_64-linux-gnu
Configured with: ../src/configure -v --with-pkgversion='Debian 4.3.4-6~bpo50+1' --with-bugurl=file:///usr/share/doc/gcc-4.3/README.Bugs --enable-languages=c,c++,fortran,objc,obj-c++ --prefix=/usr --enable-shared --enable-multiarch --enable-linker-build-id --with-system-zlib --libexecdir=/usr/lib --without-included-gettext --enable-threads=posix --enable-nls --with-gxx-include-dir=/usr/include/c++/4.3 --program-suffix=-4.3 --enable-clocale=gnu --enable-libstdcxx-debug --enable-objc-gc --enable-mpfr --with-tune=generic --enable-checking=release --build=x86_64-linux-gnu --host=x86_64-linux-gnu --target=x86_64-linux-gnu
Thread model: posix
gcc version 4.3.4 (Debian 4.3.4-6~bpo50+1) 
configure:4023: $? = 0
configure:4012: g++ -V >&5
g++: '-V' option must have argument
configure:4023: $? = 1
configure:4012: g++ -qversion >&5
g++: unrecognized option '-qversion'
g++: no input files
configure:4023: $? = 1
configure:4027: checking whether we are using the GNU C++ compiler
configure:4046: g++ -c   conftest.cpp >&5
configure:4046: $? = 0
configure:4055: result: yes
configure:4064: checking whether g++ accepts -g
configure:4084: g++ -c -g  conftest.cpp >&5
configure:4084: $? = 0
configure:4125: result: yes
configure:4150: checking dependency style of g++
configure:4260: result: gcc3
configure:4310: checking build system type
configure:4324: result: x86_64-unknown-linux-gnu
configure:4344: checking host system type
configure:4357: result: x86_64-unknown-linux-gnu
configure:4377: checking for a sed that does not truncate output
configure:4441: result: /bin/sed
configure:4459: checking for grep that handles long lines and -e
configure:4517: result: /bin/grep
configure:4522: checking for egrep
configure:4584: result: /bin/grep -E
configure:4589: checking for fgrep
configure:4651: result: /bin/grep -F
configure:4686: checking for ld used by gcc
configure:4753: result: /usr/bin/ld
configure:4760: checking if the linker (/usr/bin/ld) is GNU ld
configure:4775: result: yes
configure:4787: checking for BSD- or MS-compatible name lister (nm)
configure:4836: result: /usr/bin/nm -B
configure:4954: checking the name lister (/usr/bin/nm -B) interface
configure:4961: g++ -c -g -O2  conftest.cpp >&5
configure:4964: /usr/bin/nm -B "conftest.o"
configure:4967: output
0000000000000000 B some_variable
configure:4974: result: BSD nm
configure:4977: checking whether ln -s works
configure:4981: result: yes
configure:4989: checking the maximum length of command line arguments
configure:5109: result: 98304
configure:5126: checking whether the shell understands some XSI constructs
configure:5136: result: yes
configure:5140: checking whether the shell understands "+="
configure:5146: result: yes
configure:5181: checking for /usr/bin/ld option to reload object files
configure:5188: result: -r
configure:5257: checking for objdump
configure:5273: found /usr/bin/objdump
configure:5284: result: objdump
configure:5316: checking how to recognize dependent libraries
configure:5512: result: pass_all
configure:5572: checking for ar
configure:5588: found /usr/bin/ar
configure:5599: result: ar
configure:5677: checking for strip
configure:5693: found /usr/bin/strip
configure:5704: result: strip
configure:5776: checking for ranlib
configure:5792: found /usr/bin/ranlib
configure:5803: result: ranlib
configure:5893: checking command to parse /usr/bin/nm -B output from gcc object
configure:6011: g++ -c -g -O2  conftest.cpp >&5
configure:6014: $? = 0
configure:6018: /usr/bin/nm -B conftest.o \| sed -n -e 's/^.*[	 ]\([ABCDGIRSTW][ABCDGIRSTW]*\)[	 ][	 ]*\([_A-Za-z][_A-Za-z0-9]*\)$/\1 \2 \2/p' \> conftest.nm
configure:6021: $? = 0
configure:6075: g++ -o conftest -g -O2   conftest.cpp conftstm.o >&5
configure:6078: $? = 0
configure:6116: result: ok
configure:6212: g++ -c -g -O2  conftest.cpp >&5
configure:6215: $? = 0
configure:6925: checking how to run the C preprocessor
configure:6956: gcc -E  conftest.c
configure:6956: $? = 0
configure:6970: gcc -E  conftest.c
conftest.c:11:28: error: ac_nonexistent.h: No such file or directory
configure:6970: $? = 1
configure: failed program was:
| /* confdefs.h */
| #define PACKAGE_NAME "Google C++ Mocking Framework"
| #define PACKAGE_TARNAME "gmock"
| #define PACKAGE_VERSION "1.6.0"
| #define PACKAGE_STRING "Google C++ Mocking Framework 1.6.0"
| #define PACKAGE_BUGREPORT "googlemock@googlegroups.com"
| #define PACKAGE_URL ""
| #define PACKAGE "gmock"
| #define VERSION "1.6.0"
| /* end confdefs.h.  */
| #include <ac_nonexistent.h>
configure:6995: result: gcc -E
configure:7015: gcc -E  conftest.c
configure:7015: $? = 0
configure:7029: gcc -E  conftest.c
conftest.c:11:28: error: ac_nonexistent.h: No such file or directory
configure:7029: $? = 1
configure: failed program was:
| /* confdefs.h */
| #define PACKAGE_NAME "Google C++ Mocking Framework"
| #define PACKAGE_TARNAME "gmock"
| #define PACKAGE_VERSION "1.6.0"
| #define PACKAGE_STRING "Google C++ Mocking Framework 1.6.0"
| #define PACKAGE_BUGREPORT "googlemock@googlegroups.com"
| #define PACKAGE_URL ""
| #define PACKAGE "gmock"
| #define VERSION "1.6.0"
| /* end confdefs.h.  */
| #include <ac_nonexistent.h>
configure:7058: checking for ANSI C header files
configure:7078: gcc -c -g -O2  conftest.c >&5
configure:7078: $? = 0
configure:7151: gcc -o conftest -g -O2   conftest.c  >&5
configure:7151: $? = 0
configure:7151: ./conftest
configure:7151: $? = 0
configure:7162: result: yes
configure:7175: checking for sys/types.h
configure:7175: gcc -c -g -O2  conftest.c >&5
configure:7175: $? = 0
configure:7175: result: yes
configure:7175: checking for sys/stat.h
configure:7175: gcc -c -g -O2  conftest.c >&5
configure:7175: $? = 0
configure:7175: result: yes
configure:7175: checking for stdlib.h
configure:7175: gcc -c -g -O2  conftest.c >&5
configure:7175: $? = 0
configure:7175: result: yes
configure:7175: checking for string.h
configure:7175: gcc -c -g -O2  conftest.c >&5
configure:7175: $? = 0
configure:7175: result: yes
configure:7175: checking for memory.h
configure:7175: gcc -c -g -O2  conftest.c >&5
configure:7175: $? = 0
configure:7175: result: yes
configure:7175: checking for strings.h
configure:7175: gcc -c -g -O2  conftest.c >&5
configure:7175: $? = 0
configure:7175: result: yes
configure:7175: checking for inttypes.h
configure:7175: gcc -c -g -O2  conftest.c >&5
configure:7175: $? = 0
configure:7175: result: yes
configure:7175: checking for stdint.h
configure:7175: gcc -c -g -O2  conftest.c >&5
configure:7175: $? = 0
configure:7175: result: yes
configure:7175: checking for unistd.h
configure:7175: gcc -c -g -O2  conftest.c >&5
configure:7175: $? = 0
configure:7175: result: yes
configure:7190: checking for dlfcn.h
configure:7190: gcc -c -g -O2  conftest.c >&5
configure:7190: $? = 0
configure:7190: result: yes
configure:7315: checking for C++ compiler version
configure:7324: g++ --version >&5
g++ (Debian 4.3.4-6~bpo50+1) 4.3.4
Copyright (C) 2008 Free Software Foundation, Inc.
This is free software; see the source for copying conditions.  There is NO
warranty; not even for MERCHANTABILITY or FITNESS FOR A PARTICULAR PURPOSE.

configure:7335: $? = 0
configure:7324: g++ -v >&5
Using built-in specs.
Target: x86_64-linux-gnu
Configured with: ../src/configure -v --with-pkgversion='Debian 4.3.4-6~bpo50+1' --with-bugurl=file:///usr/share/doc/gcc-4.3/README.Bugs --enable-languages=c,c++,fortran,objc,obj-c++ --prefix=/usr --enable-shared --enable-multiarch --enable-linker-build-id --with-system-zlib --libexecdir=/usr/lib --without-included-gettext --enable-threads=posix --enable-nls --with-gxx-include-dir=/usr/include/c++/4.3 --program-suffix=-4.3 --enable-clocale=gnu --enable-libstdcxx-debug --enable-objc-gc --enable-mpfr --with-tune=generic --enable-checking=release --build=x86_64-linux-gnu --host=x86_64-linux-gnu --target=x86_64-linux-gnu
Thread model: posix
gcc version 4.3.4 (Debian 4.3.4-6~bpo50+1) 
configure:7335: $? = 0
configure:7324: g++ -V >&5
g++: '-V' option must have argument
configure:7335: $? = 1
configure:7324: g++ -qversion >&5
g++: unrecognized option '-qversion'
g++: no input files
configure:7335: $? = 1
configure:7339: checking whether we are using the GNU C++ compiler
configure:7367: result: yes
configure:7376: checking whether g++ accepts -g
configure:7437: result: yes
configure:7462: checking dependency style of g++
configure:7572: result: gcc3
configure:7595: checking how to run the C++ preprocessor
configure:7622: g++ -E  conftest.cpp
configure:7622: $? = 0
configure:7636: g++ -E  conftest.cpp
conftest.cpp:22:28: error: ac_nonexistent.h: No such file or directory
configure:7636: $? = 1
configure: failed program was:
| /* confdefs.h */
| #define PACKAGE_NAME "Google C++ Mocking Framework"
| #define PACKAGE_TARNAME "gmock"
| #define PACKAGE_VERSION "1.6.0"
| #define PACKAGE_STRING "Google C++ Mocking Framework 1.6.0"
| #define PACKAGE_BUGREPORT "googlemock@googlegroups.com"
| #define PACKAGE_URL ""
| #define PACKAGE "gmock"
| #define VERSION "1.6.0"
| #define STDC_HEADERS 1
| #define HAVE_SYS_TYPES_H 1
| #define HAVE_SYS_STAT_H 1
| #define HAVE_STDLIB_H 1
| #define HAVE_STRING_H 1
| #define HAVE_MEMORY_H 1
| #define HAVE_STRINGS_H 1
| #define HAVE_INTTYPES_H 1
| #define HAVE_STDINT_H 1
| #define HAVE_UNISTD_H 1
| #define HAVE_DLFCN_H 1
| /* end confdefs.h.  */
| #include <ac_nonexistent.h>
configure:7661: result: g++ -E
configure:7681: g++ -E  conftest.cpp
configure:7681: $? = 0
configure:7695: g++ -E  conftest.cpp
conftest.cpp:22:28: error: ac_nonexistent.h: No such file or directory
configure:7695: $? = 1
configure: failed program was:
| /* confdefs.h */
| #define PACKAGE_NAME "Google C++ Mocking Framework"
| #define PACKAGE_TARNAME "gmock"
| #define PACKAGE_VERSION "1.6.0"
| #define PACKAGE_STRING "Google C++ Mocking Framework 1.6.0"
| #define PACKAGE_BUGREPORT "googlemock@googlegroups.com"
| #define PACKAGE_URL ""
| #define PACKAGE "gmock"
| #define VERSION "1.6.0"
| #define STDC_HEADERS 1
| #define HAVE_SYS_TYPES_H 1
| #define HAVE_SYS_STAT_H 1
| #define HAVE_STDLIB_H 1
| #define HAVE_STRING_H 1
| #define HAVE_MEMORY_H 1
| #define HAVE_STRINGS_H 1
| #define HAVE_INTTYPES_H 1
| #define HAVE_STDINT_H 1
| #define HAVE_UNISTD_H 1
| #define HAVE_DLFCN_H 1
| /* end confdefs.h.  */
| #include <ac_nonexistent.h>
configure:7901: checking for objdir
configure:7916: result: .libs
configure:8208: checking if gcc supports -fno-rtti -fno-exceptions
configure:8226: gcc -c -g -O2  -fno-rtti -fno-exceptions conftest.c >&5
cc1: warning: command line option "-fno-rtti" is valid for C++/ObjC++ but not for C
configure:8230: $? = 0
configure:8243: result: no
configure:8263: checking for gcc option to produce PIC
configure:8535: result: -fPIC -DPIC
configure:8547: checking if gcc PIC flag -fPIC -DPIC works
configure:8565: gcc -c -g -O2  -fPIC -DPIC -DPIC conftest.c >&5
configure:8569: $? = 0
configure:8582: result: yes
configure:8606: checking if gcc static flag -static works
configure:8634: result: yes
configure:8649: checking if gcc supports -c -o file.o
configure:8670: gcc -c -g -O2  -o out/conftest2.o conftest.c >&5
configure:8674: $? = 0
configure:8696: result: yes
configure:8704: checking if gcc supports -c -o file.o
configure:8751: result: yes
configure:8784: checking whether the gcc linker (/usr/bin/ld -m elf_x86_64) supports shared libraries
configure:9775: result: yes
configure:9812: checking whether -lc should be explicitly linked in
configure:9817: gcc -c -g -O2  conftest.c >&5
configure:9820: $? = 0
configure:9835: gcc -shared conftest.o  -v -Wl,-soname -Wl,conftest -o conftest 2\>\&1 \| /bin/grep  -lc  \>/dev/null 2\>\&1
configure:9838: $? = 0
configure:9850: result: no
configure:10014: checking dynamic linker characteristics
configure:10447: gcc -o conftest -g -O2   -Wl,-rpath -Wl,/foo conftest.c  >&5
configure:10447: $? = 0
configure:10677: result: GNU/Linux ld.so
configure:10779: checking how to hardcode library paths into programs
configure:10804: result: immediate
configure:11324: checking whether stripping libraries is possible
configure:11329: result: yes
configure:11364: checking if libtool supports shared libraries
configure:11366: result: yes
configure:11369: checking whether to build shared libraries
configure:11390: result: yes
configure:11393: checking whether to build static libraries
configure:11397: result: yes
configure:11547: checking for ld used by g++
configure:11614: result: /usr/bin/ld -m elf_x86_64
configure:11621: checking if the linker (/usr/bin/ld -m elf_x86_64) is GNU ld
configure:11636: result: yes
configure:11691: checking whether the g++ linker (/usr/bin/ld -m elf_x86_64) supports shared libraries
configure:12604: result: yes
configure:12632: g++ -c -g -O2  conftest.cpp >&5
configure:12635: $? = 0
configure:12817: checking for g++ option to produce PIC
configure:13134: result: -fPIC -DPIC
configure:13143: checking if g++ PIC flag -fPIC -DPIC works
configure:13161: g++ -c -g -O2  -fPIC -DPIC -DPIC conftest.cpp >&5
configure:13165: $? = 0
configure:13178: result: yes
configure:13199: checking if g++ static flag -static works
configure:13227: result: yes
configure:13239: checking if g++ supports -c -o file.o
configure:13260: g++ -c -g -O2  -o out/conftest2.o conftest.cpp >&5
configure:13264: $? = 0
configure:13286: result: yes
configure:13291: checking if g++ supports -c -o file.o
configure:13338: result: yes
configure:13368: checking whether the g++ linker (/usr/bin/ld -m elf_x86_64) supports shared libraries
configure:13397: result: yes
configure:13534: checking dynamic linker characteristics
configure:13915: g++ -o conftest -g -O2   -Wl,-rpath -Wl,/foo conftest.cpp  >&5
configure:13915: $? = 0
configure:14145: result: GNU/Linux ld.so
configure:14196: checking how to hardcode library paths into programs
configure:14221: result: immediate
configure:14288: checking for python
configure:14306: found /usr/bin/python
configure:14319: result: /usr/bin/python
configure:14337: /usr/bin/python -c import sys # split strings by '.' and convert to numeric. Append some zeros # because we need at least 4 digits for the hex conversion. # map returns an iterator in Python 3.0 and a list in 2.x minver = list(map(int, '2.3'.split('.'))) + [0, 0, 0] minverhex = 0 # xrange is not present in Python 3.0 and range returns an iterator for i in list(range(0, 4)): minverhex = (minverhex << 8) + minver[i] sys.exit(sys.hexversion < minverhex)
configure:14340: $? = 0
configure:14535: checking for the pthreads library -lpthreads
configure:14568: gcc -o conftest -g -O2    conftest.c -lpthreads  >&5
/usr/bin/ld: cannot find -lpthreads
collect2: ld returned 1 exit status
configure:14568: $? = 1
configure: failed program was:
| /* confdefs.h */
| #define PACKAGE_NAME "Google C++ Mocking Framework"
| #define PACKAGE_TARNAME "gmock"
| #define PACKAGE_VERSION "1.6.0"
| #define PACKAGE_STRING "Google C++ Mocking Framework 1.6.0"
| #define PACKAGE_BUGREPORT "googlemock@googlegroups.com"
| #define PACKAGE_URL ""
| #define PACKAGE "gmock"
| #define VERSION "1.6.0"
| #define STDC_HEADERS 1
| #define HAVE_SYS_TYPES_H 1
| #define HAVE_SYS_STAT_H 1
| #define HAVE_STDLIB_H 1
| #define HAVE_STRING_H 1
| #define HAVE_MEMORY_H 1
| #define HAVE_STRINGS_H 1
| #define HAVE_INTTYPES_H 1
| #define HAVE_STDINT_H 1
| #define HAVE_UNISTD_H 1
| #define HAVE_DLFCN_H 1
| #define LT_OBJDIR ".libs/"
| /* end confdefs.h.  */
| #include <pthread.h>
| int
| main ()
| {
| pthread_t th; pthread_join(th, 0);
|                      pthread_attr_init(0); pthread_cleanup_push(0, 0);
|                      pthread_create(0,0,0,0); pthread_cleanup_pop(0);
|   ;
|   return 0;
| }
configure:14577: result: no
configure:14480: checking whether pthreads work without any flags
configure:14568: gcc -o conftest -g -O2    conftest.c   >&5
/tmp/cckNYyaP.o: In function `main':
/home/gpetrovic/libs/gmock-1.6.0/conftest.c:27: undefined reference to `pthread_join'
/home/gpetrovic/libs/gmock-1.6.0/conftest.c:28: undefined reference to `__pthread_register_cancel'
/home/gpetrovic/libs/gmock-1.6.0/conftest.c:29: undefined reference to `pthread_create'
/home/gpetrovic/libs/gmock-1.6.0/conftest.c:29: undefined reference to `__pthread_unregister_cancel'
collect2: ld returned 1 exit status
configure:14568: $? = 1
configure: failed program was:
| /* confdefs.h */
| #define PACKAGE_NAME "Google C++ Mocking Framework"
| #define PACKAGE_TARNAME "gmock"
| #define PACKAGE_VERSION "1.6.0"
| #define PACKAGE_STRING "Google C++ Mocking Framework 1.6.0"
| #define PACKAGE_BUGREPORT "googlemock@googlegroups.com"
| #define PACKAGE_URL ""
| #define PACKAGE "gmock"
| #define VERSION "1.6.0"
| #define STDC_HEADERS 1
| #define HAVE_SYS_TYPES_H 1
| #define HAVE_SYS_STAT_H 1
| #define HAVE_STDLIB_H 1
| #define HAVE_STRING_H 1
| #define HAVE_MEMORY_H 1
| #define HAVE_STRINGS_H 1
| #define HAVE_INTTYPES_H 1
| #define HAVE_STDINT_H 1
| #define HAVE_UNISTD_H 1
| #define HAVE_DLFCN_H 1
| #define LT_OBJDIR ".libs/"
| /* end confdefs.h.  */
| #include <pthread.h>
| int
| main ()
| {
| pthread_t th; pthread_join(th, 0);
|                      pthread_attr_init(0); pthread_cleanup_push(0, 0);
|                      pthread_create(0,0,0,0); pthread_cleanup_pop(0);
|   ;
|   return 0;
| }
configure:14577: result: no
configure:14485: checking whether pthreads work with -Kthread
configure:14568: gcc -o conftest -g -O2 -Kthread   conftest.c   >&5
gcc: unrecognized option '-Kthread'
/tmp/ccGKI2t1.o: In function `main':
/home/gpetrovic/libs/gmock-1.6.0/conftest.c:27: undefined reference to `pthread_join'
/home/gpetrovic/libs/gmock-1.6.0/conftest.c:28: undefined reference to `__pthread_register_cancel'
/home/gpetrovic/libs/gmock-1.6.0/conftest.c:29: undefined reference to `pthread_create'
/home/gpetrovic/libs/gmock-1.6.0/conftest.c:29: undefined reference to `__pthread_unregister_cancel'
collect2: ld returned 1 exit status
configure:14568: $? = 1
configure: failed program was:
| /* confdefs.h */
| #define PACKAGE_NAME "Google C++ Mocking Framework"
| #define PACKAGE_TARNAME "gmock"
| #define PACKAGE_VERSION "1.6.0"
| #define PACKAGE_STRING "Google C++ Mocking Framework 1.6.0"
| #define PACKAGE_BUGREPORT "googlemock@googlegroups.com"
| #define PACKAGE_URL ""
| #define PACKAGE "gmock"
| #define VERSION "1.6.0"
| #define STDC_HEADERS 1
| #define HAVE_SYS_TYPES_H 1
| #define HAVE_SYS_STAT_H 1
| #define HAVE_STDLIB_H 1
| #define HAVE_STRING_H 1
| #define HAVE_MEMORY_H 1
| #define HAVE_STRINGS_H 1
| #define HAVE_INTTYPES_H 1
| #define HAVE_STDINT_H 1
| #define HAVE_UNISTD_H 1
| #define HAVE_DLFCN_H 1
| #define LT_OBJDIR ".libs/"
| /* end confdefs.h.  */
| #include <pthread.h>
| int
| main ()
| {
| pthread_t th; pthread_join(th, 0);
|                      pthread_attr_init(0); pthread_cleanup_push(0, 0);
|                      pthread_create(0,0,0,0); pthread_cleanup_pop(0);
|   ;
|   return 0;
| }
configure:14577: result: no
configure:14485: checking whether pthreads work with -kthread
configure:14568: gcc -o conftest -g -O2 -kthread   conftest.c   >&5
gcc: unrecognized option '-kthread'
/tmp/ccyUd9ye.o: In function `main':
/home/gpetrovic/libs/gmock-1.6.0/conftest.c:27: undefined reference to `pthread_join'
/home/gpetrovic/libs/gmock-1.6.0/conftest.c:28: undefined reference to `__pthread_register_cancel'
/home/gpetrovic/libs/gmock-1.6.0/conftest.c:29: undefined reference to `pthread_create'
/home/gpetrovic/libs/gmock-1.6.0/conftest.c:29: undefined reference to `__pthread_unregister_cancel'
collect2: ld returned 1 exit status
configure:14568: $? = 1
configure: failed program was:
| /* confdefs.h */
| #define PACKAGE_NAME "Google C++ Mocking Framework"
| #define PACKAGE_TARNAME "gmock"
| #define PACKAGE_VERSION "1.6.0"
| #define PACKAGE_STRING "Google C++ Mocking Framework 1.6.0"
| #define PACKAGE_BUGREPORT "googlemock@googlegroups.com"
| #define PACKAGE_URL ""
| #define PACKAGE "gmock"
| #define VERSION "1.6.0"
| #define STDC_HEADERS 1
| #define HAVE_SYS_TYPES_H 1
| #define HAVE_SYS_STAT_H 1
| #define HAVE_STDLIB_H 1
| #define HAVE_STRING_H 1
| #define HAVE_MEMORY_H 1
| #define HAVE_STRINGS_H 1
| #define HAVE_INTTYPES_H 1
| #define HAVE_STDINT_H 1
| #define HAVE_UNISTD_H 1
| #define HAVE_DLFCN_H 1
| #define LT_OBJDIR ".libs/"
| /* end confdefs.h.  */
| #include <pthread.h>
| int
| main ()
| {
| pthread_t th; pthread_join(th, 0);
|                      pthread_attr_init(0); pthread_cleanup_push(0, 0);
|                      pthread_create(0,0,0,0); pthread_cleanup_pop(0);
|   ;
|   return 0;
| }
configure:14577: result: no
configure:14535: checking for the pthreads library -llthread
configure:14568: gcc -o conftest -g -O2    conftest.c -llthread  >&5
/usr/bin/ld: cannot find -llthread
collect2: ld returned 1 exit status
configure:14568: $? = 1
configure: failed program was:
| /* confdefs.h */
| #define PACKAGE_NAME "Google C++ Mocking Framework"
| #define PACKAGE_TARNAME "gmock"
| #define PACKAGE_VERSION "1.6.0"
| #define PACKAGE_STRING "Google C++ Mocking Framework 1.6.0"
| #define PACKAGE_BUGREPORT "googlemock@googlegroups.com"
| #define PACKAGE_URL ""
| #define PACKAGE "gmock"
| #define VERSION "1.6.0"
| #define STDC_HEADERS 1
| #define HAVE_SYS_TYPES_H 1
| #define HAVE_SYS_STAT_H 1
| #define HAVE_STDLIB_H 1
| #define HAVE_STRING_H 1
| #define HAVE_MEMORY_H 1
| #define HAVE_STRINGS_H 1
| #define HAVE_INTTYPES_H 1
| #define HAVE_STDINT_H 1
| #define HAVE_UNISTD_H 1
| #define HAVE_DLFCN_H 1
| #define LT_OBJDIR ".libs/"
| /* end confdefs.h.  */
| #include <pthread.h>
| int
| main ()
| {
| pthread_t th; pthread_join(th, 0);
|                      pthread_attr_init(0); pthread_cleanup_push(0, 0);
|                      pthread_create(0,0,0,0); pthread_cleanup_pop(0);
|   ;
|   return 0;
| }
configure:14577: result: no
configure:14485: checking whether pthreads work with -pthread
configure:14568: gcc -o conftest -g -O2 -pthread   conftest.c   >&5
configure:14568: $? = 0
configure:14577: result: yes
configure:14596: checking for joinable pthread attribute
configure:14611: gcc -o conftest -g -O2 -pthread   conftest.c   >&5
configure:14611: $? = 0
configure:14617: result: PTHREAD_CREATE_JOINABLE
configure:14627: checking if more special flags are required for pthreads
configure:14634: result: no
configure:14723: checking whether to check for GCC pthread/shared inconsistencies
configure:14736: gcc -o conftest -shared -fPIC -Wl,-z,defs -g -O2 -pthread   conftest.c   >&5
configure:14736: $? = 0
configure:14748: result: yes
configure:14754: checking whether -pthread is sufficient with -shared
configure:14769: gcc -o conftest -shared -fPIC -Wl,-z,defs -g -O2 -pthread   conftest.c   >&5
configure:14769: $? = 0
configure:14776: result: yes
configure:14971: checking for gtest-config
configure:15004: result: no
configure:15183: creating ./config.status

## ---------------------- ##
## Running config.status. ##
## ---------------------- ##

This file was extended by Google C++ Mocking Framework config.status 1.6.0, which was
generated by GNU Autoconf 2.65.  Invocation command line was

  CONFIG_FILES    = 
  CONFIG_HEADERS  = 
  CONFIG_LINKS    = 
  CONFIG_COMMANDS = 
  $ ./config.status 

on congo

config.status:1142: creating Makefile
config.status:1142: creating scripts/gmock-config
config.status:1142: creating build-aux/config.h
config.status:1314: build-aux/config.h is unchanged
config.status:1362: executing depfiles commands
config.status:1362: executing libtool commands
configure:17717: === configuring in gtest (/home/gpetrovic/libs/gmock-1.6.0/gtest)
configure:17780: running /bin/sh ./configure --disable-option-checking '--prefix=/usr/local'  --cache-file=/dev/null --srcdir=.

## ---------------- ##
## Cache variables. ##
## ---------------- ##

ac_cv_build=x86_64-unknown-linux-gnu
ac_cv_c_compiler_gnu=yes
ac_cv_cxx_compiler_gnu=yes
ac_cv_env_CCC_set=
ac_cv_env_CCC_value=
ac_cv_env_CC_set=
ac_cv_env_CC_value=
ac_cv_env_CFLAGS_set=
ac_cv_env_CFLAGS_value=
ac_cv_env_CPPFLAGS_set=
ac_cv_env_CPPFLAGS_value=
ac_cv_env_CPP_set=
ac_cv_env_CPP_value=
ac_cv_env_CXXCPP_set=
ac_cv_env_CXXCPP_value=
ac_cv_env_CXXFLAGS_set=
ac_cv_env_CXXFLAGS_value=
ac_cv_env_CXX_set=
ac_cv_env_CXX_value=
ac_cv_env_GTEST_CONFIG_set=
ac_cv_env_GTEST_CONFIG_value=
ac_cv_env_GTEST_CPPFLAGS_set=
ac_cv_env_GTEST_CPPFLAGS_value=
ac_cv_env_GTEST_CXXFLAGS_set=
ac_cv_env_GTEST_CXXFLAGS_value=
ac_cv_env_GTEST_LDFLAGS_set=
ac_cv_env_GTEST_LDFLAGS_value=
ac_cv_env_GTEST_LIBS_set=
ac_cv_env_GTEST_LIBS_value=
ac_cv_env_GTEST_VERSION_set=
ac_cv_env_GTEST_VERSION_value=
ac_cv_env_LDFLAGS_set=
ac_cv_env_LDFLAGS_value=
ac_cv_env_LIBS_set=
ac_cv_env_LIBS_value=
ac_cv_env_build_alias_set=
ac_cv_env_build_alias_value=
ac_cv_env_host_alias_set=
ac_cv_env_host_alias_value=
ac_cv_env_target_alias_set=
ac_cv_env_target_alias_value=
ac_cv_header_dlfcn_h=yes
ac_cv_header_inttypes_h=yes
ac_cv_header_memory_h=yes
ac_cv_header_stdc=yes
ac_cv_header_stdint_h=yes
ac_cv_header_stdlib_h=yes
ac_cv_header_string_h=yes
ac_cv_header_strings_h=yes
ac_cv_header_sys_stat_h=yes
ac_cv_header_sys_types_h=yes
ac_cv_header_unistd_h=yes
ac_cv_host=x86_64-unknown-linux-gnu
ac_cv_objext=o
ac_cv_path_EGREP='/bin/grep -E'
ac_cv_path_FGREP='/bin/grep -F'
ac_cv_path_GREP=/bin/grep
ac_cv_path_PYTHON=/usr/bin/python
ac_cv_path_SED=/bin/sed
ac_cv_path_install='/usr/bin/install -c'
ac_cv_path_mkdir=/bin/mkdir
ac_cv_prog_AWK=gawk
ac_cv_prog_CPP='gcc -E'
ac_cv_prog_CXXCPP='g++ -E'
ac_cv_prog_ac_ct_AR=ar
ac_cv_prog_ac_ct_CC=gcc
ac_cv_prog_ac_ct_CXX=g++
ac_cv_prog_ac_ct_OBJDUMP=objdump
ac_cv_prog_ac_ct_RANLIB=ranlib
ac_cv_prog_ac_ct_STRIP=strip
ac_cv_prog_cc_c89=
ac_cv_prog_cc_g=yes
ac_cv_prog_cxx_g=yes
ac_cv_prog_make_make_set=yes
am_cv_CC_dependencies_compiler_type=gcc3
am_cv_CXX_dependencies_compiler_type=gcc3
lt_cv_deplibs_check_method=pass_all
lt_cv_file_magic_cmd='$MAGIC_CMD'
lt_cv_file_magic_test_file=
lt_cv_ld_reload_flag=-r
lt_cv_nm_interface='BSD nm'
lt_cv_objdir=.libs
lt_cv_path_LD=/usr/bin/ld
lt_cv_path_LDCXX='/usr/bin/ld -m elf_x86_64'
lt_cv_path_NM='/usr/bin/nm -B'
lt_cv_prog_compiler_c_o=yes
lt_cv_prog_compiler_c_o_CXX=yes
lt_cv_prog_compiler_pic_works=yes
lt_cv_prog_compiler_pic_works_CXX=yes
lt_cv_prog_compiler_rtti_exceptions=no
lt_cv_prog_compiler_static_works=yes
lt_cv_prog_compiler_static_works_CXX=yes
lt_cv_prog_gnu_ld=yes
lt_cv_prog_gnu_ldcxx=yes
lt_cv_sys_global_symbol_pipe='sed -n -e '\''s/^.*[	 ]\([ABCDGIRSTW][ABCDGIRSTW]*\)[	 ][	 ]*\([_A-Za-z][_A-Za-z0-9]*\)$/\1 \2 \2/p'\'''
lt_cv_sys_global_symbol_to_c_name_address='sed -n -e '\''s/^: \([^ ]*\) $/  {\"\1\", (void *) 0},/p'\'' -e '\''s/^[ABCDGIRSTW]* \([^ ]*\) \([^ ]*\)$/  {"\2", (void *) \&\2},/p'\'''
lt_cv_sys_global_symbol_to_c_name_address_lib_prefix='sed -n -e '\''s/^: \([^ ]*\) $/  {\"\1\", (void *) 0},/p'\'' -e '\''s/^[ABCDGIRSTW]* \([^ ]*\) \(lib[^ ]*\)$/  {"\2", (void *) \&\2},/p'\'' -e '\''s/^[ABCDGIRSTW]* \([^ ]*\) \([^ ]*\)$/  {"lib\2", (void *) \&\2},/p'\'''
lt_cv_sys_global_symbol_to_cdecl='sed -n -e '\''s/^T .* \(.*\)$/extern int \1();/p'\'' -e '\''s/^[ABCDGIRSTW]* .* \(.*\)$/extern char \1;/p'\'''
lt_cv_sys_max_cmd_len=98304

## ----------------- ##
## Output variables. ##
## ----------------- ##

ACLOCAL='${SHELL} /home/gpetrovic/libs/gmock-1.6.0/build-aux/missing --run aclocal-1.11'
AMDEPBACKSLASH='\'
AMDEP_FALSE='#'
AMDEP_TRUE=''
AMTAR='${SHELL} /home/gpetrovic/libs/gmock-1.6.0/build-aux/missing --run tar'
AR='ar'
AUTOCONF='${SHELL} /home/gpetrovic/libs/gmock-1.6.0/build-aux/missing --run autoconf'
AUTOHEADER='${SHELL} /home/gpetrovic/libs/gmock-1.6.0/build-aux/missing --run autoheader'
AUTOMAKE='${SHELL} /home/gpetrovic/libs/gmock-1.6.0/build-aux/missing --run automake-1.11'
AWK='gawk'
CC='gcc'
CCDEPMODE='depmode=gcc3'
CFLAGS='-g -O2'
CPP='gcc -E'
CPPFLAGS=''
CXX='g++'
CXXCPP='g++ -E'
CXXDEPMODE='depmode=gcc3'
CXXFLAGS='-g -O2'
CYGPATH_W='echo'
DEFS='-DHAVE_CONFIG_H'
DEPDIR='.deps'
DSYMUTIL=''
DUMPBIN=''
ECHO_C=''
ECHO_N='-n'
ECHO_T=''
EGREP='/bin/grep -E'
EXEEXT=''
FGREP='/bin/grep -F'
GREP='/bin/grep'
GTEST_CONFIG='/home/gpetrovic/libs/gmock-1.6.0/gtest/scripts/gtest-config'
GTEST_CPPFLAGS='-I$(top_srcdir)/gtest/include'
GTEST_CXXFLAGS='-g'
GTEST_LDFLAGS=''
GTEST_LIBS='$(top_builddir)/gtest/lib/libgtest.la'
GTEST_VERSION='1.6.0'
HAVE_PTHREADS_FALSE='#'
HAVE_PTHREADS_TRUE=''
HAVE_PYTHON_FALSE='#'
HAVE_PYTHON_TRUE=''
INSTALL_DATA='${INSTALL} -m 644'
INSTALL_PROGRAM='${INSTALL}'
INSTALL_SCRIPT='${INSTALL}'
INSTALL_STRIP_PROGRAM='$(install_sh) -c -s'
LD='/usr/bin/ld -m elf_x86_64'
LDFLAGS=''
LIBOBJS=''
LIBS=''
LIBTOOL='$(SHELL) $(top_builddir)/libtool'
LIPO=''
LN_S='ln -s'
LTLIBOBJS=''
MAKEINFO='${SHELL} /home/gpetrovic/libs/gmock-1.6.0/build-aux/missing --run makeinfo'
MKDIR_P='/bin/mkdir -p'
NM='/usr/bin/nm -B'
NMEDIT=''
OBJDUMP='objdump'
OBJEXT='o'
OTOOL64=''
OTOOL=''
PACKAGE='gmock'
PACKAGE_BUGREPORT='googlemock@googlegroups.com'
PACKAGE_NAME='Google C++ Mocking Framework'
PACKAGE_STRING='Google C++ Mocking Framework 1.6.0'
PACKAGE_TARNAME='gmock'
PACKAGE_URL=''
PACKAGE_VERSION='1.6.0'
PATH_SEPARATOR=':'
PTHREAD_CC='gcc'
PTHREAD_CFLAGS='-pthread'
PTHREAD_LIBS=''
PYTHON='/usr/bin/python'
RANLIB='ranlib'
SED='/bin/sed'
SET_MAKE=''
SHELL='/bin/sh'
STRIP='strip'
VERSION='1.6.0'
ac_ct_CC='gcc'
ac_ct_CXX='g++'
ac_ct_DUMPBIN=''
acx_pthread_config=''
am__EXEEXT_FALSE=''
am__EXEEXT_TRUE='#'
am__fastdepCC_FALSE='#'
am__fastdepCC_TRUE=''
am__fastdepCXX_FALSE='#'
am__fastdepCXX_TRUE=''
am__include='include'
am__isrc=''
am__leading_dot='.'
am__quote=''
am__tar='${AMTAR} chof - "$$tardir"'
am__untar='${AMTAR} xf -'
bindir='${exec_prefix}/bin'
build='x86_64-unknown-linux-gnu'
build_alias=''
build_cpu='x86_64'
build_os='linux-gnu'
build_vendor='unknown'
datadir='${datarootdir}'
datarootdir='${prefix}/share'
docdir='${datarootdir}/doc/${PACKAGE_TARNAME}'
dvidir='${docdir}'
exec_prefix='${prefix}'
host='x86_64-unknown-linux-gnu'
host_alias=''
host_cpu='x86_64'
host_os='linux-gnu'
host_vendor='unknown'
htmldir='${docdir}'
includedir='${prefix}/include'
infodir='${datarootdir}/info'
install_sh='${SHELL} /home/gpetrovic/libs/gmock-1.6.0/build-aux/install-sh'
libdir='${exec_prefix}/lib'
libexecdir='${exec_prefix}/libexec'
localedir='${datarootdir}/locale'
localstatedir='${prefix}/var'
lt_ECHO='echo'
mandir='${datarootdir}/man'
mkdir_p='/bin/mkdir -p'
oldincludedir='/usr/include'
pdfdir='${docdir}'
prefix='/usr/local'
program_transform_name='s,x,x,'
psdir='${docdir}'
sbindir='${exec_prefix}/sbin'
sharedstatedir='${prefix}/com'
subdirs=' gtest'
sysconfdir='${prefix}/etc'
target_alias=''

## ----------- ##
## confdefs.h. ##
## ----------- ##

/* confdefs.h */
#define PACKAGE_NAME "Google C++ Mocking Framework"
#define PACKAGE_TARNAME "gmock"
#define PACKAGE_VERSION "1.6.0"
#define PACKAGE_STRING "Google C++ Mocking Framework 1.6.0"
#define PACKAGE_BUGREPORT "googlemock@googlegroups.com"
#define PACKAGE_URL ""
#define PACKAGE "gmock"
#define VERSION "1.6.0"
#define STDC_HEADERS 1
#define HAVE_SYS_TYPES_H 1
#define HAVE_SYS_STAT_H 1
#define HAVE_STDLIB_H 1
#define HAVE_STRING_H 1
#define HAVE_MEMORY_H 1
#define HAVE_STRINGS_H 1
#define HAVE_INTTYPES_H 1
#define HAVE_STDINT_H 1
#define HAVE_UNISTD_H 1
#define HAVE_DLFCN_H 1
#define LT_OBJDIR ".libs/"
#define HAVE_PTHREAD 1

configure: exit 0
